<?xml version="1.0" encoding="UTF-8"?>
<testsuites name="jest tests" tests="8" failures="0" errors="0" time="7.099">
  <testsuite name="Google Calendar Sync - Duplicate Prevention" errors="0" failures="0" skipped="0" timestamp="2025-05-29T12:21:34" time="4.883" tests="8">
    <testcase classname="Google Calendar Sync - Duplicate Prevention Calendar Event Action Functions should return correct data structure when creating calendar event" name="Google Calendar Sync - Duplicate Prevention Calendar Event Action Functions should return correct data structure when creating calendar event" time="0.007">
    </testcase>
    <testcase classname="Google Calendar Sync - Duplicate Prevention Calendar Event Action Functions should handle calendar event creation failure gracefully" name="Google Calendar Sync - Duplicate Prevention Calendar Event Action Functions should handle calendar event creation failure gracefully" time="0.024">
    </testcase>
    <testcase classname="Google Calendar Sync - Duplicate Prevention Calendar Event Action Functions should update existing calendar event correctly" name="Google Calendar Sync - Duplicate Prevention Calendar Event Action Functions should update existing calendar event correctly" time="0.002">
    </testcase>
    <testcase classname="Google Calendar Sync - Duplicate Prevention Calendar Event Action Functions should handle appointment calendar event creation" name="Google Calendar Sync - Duplicate Prevention Calendar Event Action Functions should handle appointment calendar event creation" time="0.001">
    </testcase>
    <testcase classname="Google Calendar Sync - Duplicate Prevention Calendar Event Action Functions should handle missing Google tokens gracefully" name="Google Calendar Sync - Duplicate Prevention Calendar Event Action Functions should handle missing Google tokens gracefully" time="0.007">
    </testcase>
    <testcase classname="Google Calendar Sync - Duplicate Prevention Error Handling and Edge Cases should handle network errors during calendar sync" name="Google Calendar Sync - Duplicate Prevention Error Handling and Edge Cases should handle network errors during calendar sync" time="0.007">
    </testcase>
    <testcase classname="Google Calendar Sync - Duplicate Prevention Error Handling and Edge Cases should handle malformed calendar API response" name="Google Calendar Sync - Duplicate Prevention Error Handling and Edge Cases should handle malformed calendar API response" time="0.001">
    </testcase>
    <testcase classname="Google Calendar Sync - Duplicate Prevention Token Management should update tokens when provided in calendar response" name="Google Calendar Sync - Duplicate Prevention Token Management should update tokens when provided in calendar response" time="0.001">
    </testcase>
  </testsuite>
</testsuites>